<?xml version="1.0" encoding="UTF-8"?>
<!-- Generated by org.testng.reporters.JUnitXMLReporter -->
<testsuite hostname="DESKTOP-ONH3S9L" ignored="0" name="Test" tests="7" failures="3" timestamp="28 Aug 2020 01:43:23 GMT" time="81.173" errors="0">
  <testcase name="duplicateLeade" time="1.011" classname="testCases.TC005_DuplicateLead">
    <failure type="org.testng.internal.reflect.MethodMatcherException" message="
Data provider mismatch
Method: duplicateLeade([Parameter{index=0, type=java.lang.String, declaredAnnotations=[]}, Parameter{index=1, type=java.lang.String, declaredAnnotations=[]}, Parameter{index=2, type=java.lang.String, declaredAnnotations=[]}, Parameter{index=3, type=java.lang.String, declaredAnnotations=[]}, Parameter{index=4, type=java.lang.String, declaredAnnotations=[]}])
Arguments: [(java.lang.String) demosalesmanager,(java.lang.String) crmsfa,(java.lang.String) abc@yahoo.com]">
      <![CDATA[org.testng.internal.reflect.MethodMatcherException: 
Data provider mismatch
Method: duplicateLeade([Parameter{index=0, type=java.lang.String, declaredAnnotations=[]}, Parameter{index=1, type=java.lang.String, declaredAnnotations=[]}, Parameter{index=2, type=java.lang.String, declaredAnnotations=[]}, Parameter{index=3, type=java.lang.String, declaredAnnotations=[]}, Parameter{index=4, type=java.lang.String, declaredAnnotations=[]}])
Arguments: [(java.lang.String) demosalesmanager,(java.lang.String) crmsfa,(java.lang.String) abc@yahoo.com]
... Removed 20 stack frames]]>
    </failure>
  </testcase> <!-- duplicateLeade -->
  <testcase name="deleteLead" time="0.0" classname="testCases.TC004_DeleteLead">
    <skipped/>
  </testcase> <!-- deleteLead -->
  <testcase name="mergeLead" time="15.584" classname="testCases.TC006_MergeLead">
    <failure type="org.openqa.selenium.StaleElementReferenceException" message="stale element reference: element is not attached to the page document
  (Session info: chrome=84.0.4147.125)
For documentation on this error, please visit: https://www.seleniumhq.org/exceptions/stale_element_reference.html
Build info: version: &amp;apos;3.141.59&amp;apos;, revision: &amp;apos;e82be7d358&amp;apos;, time: &amp;apos;2018-11-14T08:17:03&amp;apos;
System info: host: &amp;apos;DESKTOP-ONH3S9L&amp;apos;, ip: &amp;apos;192.168.0.3&amp;apos;, os.name: &amp;apos;Windows 10&amp;apos;, os.arch: &amp;apos;amd64&amp;apos;, os.version: &amp;apos;10.0&amp;apos;, java.version: &amp;apos;1.8.0_201&amp;apos;
Driver info: org.openqa.selenium.chrome.ChromeDriver
Capabilities {acceptInsecureCerts: false, browserName: chrome, browserVersion: 84.0.4147.125, chrome: {chromedriverVersion: 83.0.4103.39 (ccbf011cb2d2b..., userDataDir: C:\Users\mamun\AppData\Loca...}, goog:chromeOptions: {debuggerAddress: localhost:58842}, javascriptEnabled: true, networkConnectionEnabled: false, pageLoadStrategy: normal, platform: WINDOWS, platformName: WINDOWS, proxy: Proxy(), setWindowRect: true, strictFileInteractability: false, timeouts: {implicit: 0, pageLoad: 300000, script: 30000}, unhandledPromptBehavior: dismiss and notify, webauthn:virtualAuthenticators: true}
Session ID: f0c02dbb40d5b9e1afa1ac35288d49b2">
      <![CDATA[org.openqa.selenium.StaleElementReferenceException: stale element reference: element is not attached to the page document
  (Session info: chrome=84.0.4147.125)
For documentation on this error, please visit: https://www.seleniumhq.org/exceptions/stale_element_reference.html
Build info: version: '3.141.59', revision: 'e82be7d358', time: '2018-11-14T08:17:03'
System info: host: 'DESKTOP-ONH3S9L', ip: '192.168.0.3', os.name: 'Windows 10', os.arch: 'amd64', os.version: '10.0', java.version: '1.8.0_201'
Driver info: org.openqa.selenium.chrome.ChromeDriver
Capabilities {acceptInsecureCerts: false, browserName: chrome, browserVersion: 84.0.4147.125, chrome: {chromedriverVersion: 83.0.4103.39 (ccbf011cb2d2b..., userDataDir: C:\Users\mamun\AppData\Loca...}, goog:chromeOptions: {debuggerAddress: localhost:58842}, javascriptEnabled: true, networkConnectionEnabled: false, pageLoadStrategy: normal, platform: WINDOWS, platformName: WINDOWS, proxy: Proxy(), setWindowRect: true, strictFileInteractability: false, timeouts: {implicit: 0, pageLoad: 300000, script: 30000}, unhandledPromptBehavior: dismiss and notify, webauthn:virtualAuthenticators: true}
Session ID: f0c02dbb40d5b9e1afa1ac35288d49b2
at org.openqa.selenium.remote.http.W3CHttpResponseCodec.createException(W3CHttpResponseCodec.java:187)
at org.openqa.selenium.remote.http.W3CHttpResponseCodec.decode(W3CHttpResponseCodec.java:122)
at org.openqa.selenium.remote.http.W3CHttpResponseCodec.decode(W3CHttpResponseCodec.java:49)
at org.openqa.selenium.remote.HttpCommandExecutor.execute(HttpCommandExecutor.java:158)
at org.openqa.selenium.remote.service.DriverCommandExecutor.execute(DriverCommandExecutor.java:83)
at org.openqa.selenium.remote.RemoteWebDriver.execute(RemoteWebDriver.java:552)
at org.openqa.selenium.remote.RemoteWebElement.execute(RemoteWebElement.java:285)
at org.openqa.selenium.remote.RemoteWebElement.click(RemoteWebElement.java:84)
at wrapper.GenericWrapper.clickByXpath(GenericWrapper.java:133)
at pages.FindLeadsWindowPage.clickFstResLead(FindLeadsWindowPage.java:19)
at testCases.TC006_MergeLead.mergeLead(TC006_MergeLead.java:30)
... Removed 29 stack frames]]>
    </failure>
  </testcase> <!-- mergeLead -->
  <testcase name="editLead" time="0.158" classname="testCases.TC003_EditLead">
    <failure type="org.testng.internal.reflect.MethodMatcherException" message="
Data provider mismatch
Method: editLead([Parameter{index=0, type=java.lang.String, declaredAnnotations=[]}, Parameter{index=1, type=java.lang.String, declaredAnnotations=[]}, Parameter{index=2, type=java.lang.String, declaredAnnotations=[]}, Parameter{index=3, type=java.lang.String, declaredAnnotations=[]}, Parameter{index=4, type=java.lang.String, declaredAnnotations=[]}])
Arguments: [(java.lang.String) demosalesmanager,(java.lang.String) crmsfa,(java.lang.String) Gopi,(java.lang.String) CTS]">
      <![CDATA[org.testng.internal.reflect.MethodMatcherException: 
Data provider mismatch
Method: editLead([Parameter{index=0, type=java.lang.String, declaredAnnotations=[]}, Parameter{index=1, type=java.lang.String, declaredAnnotations=[]}, Parameter{index=2, type=java.lang.String, declaredAnnotations=[]}, Parameter{index=3, type=java.lang.String, declaredAnnotations=[]}, Parameter{index=4, type=java.lang.String, declaredAnnotations=[]}])
Arguments: [(java.lang.String) demosalesmanager,(java.lang.String) crmsfa,(java.lang.String) Gopi,(java.lang.String) CTS]
... Removed 20 stack frames]]>
    </failure>
  </testcase> <!-- editLead -->
  <testcase name="createLead" time="19.419" classname="testCases.TC002_CreateLead"/>
  <testcase name="loginLogOut" time="1.627" classname="testCases.TC001_LoginLogOut"/>
  <testcase name="loginLogOut" time="1.853" classname="testCases.TC001_LoginLogOut"/>
</testsuite> <!-- Test -->
